<?xml version="1.0" encoding="UTF-8" ?>
<testsuites name="vitest tests" tests="12" failures="0" errors="0" time="0.0536952">
    <testsuite name="../../tests/frontend/api.test.js" timestamp="2026-05-26T09:11:02.598Z" hostname="Seco" tests="5" failures="0" errors="0" skipped="0" time="0.0126096">
        <testcase classname="../../tests/frontend/api.test.js" name="api helpers &gt; reads stored token when present" time="0.0044555">
        </testcase>
        <testcase classname="../../tests/frontend/api.test.js" name="api helpers &gt; returns null when storage is malformed" time="0.000634">
        </testcase>
        <testcase classname="../../tests/frontend/api.test.js" name="api helpers &gt; adds auth header and parses json body" time="0.0022928">
        </testcase>
        <testcase classname="../../tests/frontend/api.test.js" name="api helpers &gt; returns null on 204" time="0.0005729">
        </testcase>
        <testcase classname="../../tests/frontend/api.test.js" name="api helpers &gt; throws parsed string detail on error" time="0.0026337">
        </testcase>
    </testsuite>
    <testsuite name="../../tests/frontend/download.test.js" timestamp="2026-05-26T09:11:02.601Z" hostname="Seco" tests="1" failures="0" errors="0" skipped="0" time="0.0221211">
        <testcase classname="../../tests/frontend/download.test.js" name="downloadFromUrl &gt; creates a temporary anchor and clicks it" time="0.020053">
        </testcase>
    </testsuite>
    <testsuite name="../../tests/frontend/enhanceService.test.js" timestamp="2026-05-26T09:11:02.603Z" hostname="Seco" tests="2" failures="0" errors="0" skipped="0" time="0.0127008">
        <testcase classname="../../tests/frontend/enhanceService.test.js" name="enhanceAudio &gt; uploads file and reports progress" time="0.0080716">
        </testcase>
        <testcase classname="../../tests/frontend/enhanceService.test.js" name="enhanceAudio &gt; throws on non-ok response" time="0.0024164">
        </testcase>
    </testsuite>
    <testsuite name="../../tests/frontend/fileValidation.test.js" timestamp="2026-05-26T09:11:02.604Z" hostname="Seco" tests="4" failures="0" errors="0" skipped="0" time="0.0062637">
        <testcase classname="../../tests/frontend/fileValidation.test.js" name="validateAudioFile &gt; returns error when no file" time="0.0034123">
        </testcase>
        <testcase classname="../../tests/frontend/fileValidation.test.js" name="validateAudioFile &gt; rejects unsupported type" time="0.0003213">
        </testcase>
        <testcase classname="../../tests/frontend/fileValidation.test.js" name="validateAudioFile &gt; rejects big files" time="0.0002222">
        </testcase>
        <testcase classname="../../tests/frontend/fileValidation.test.js" name="validateAudioFile &gt; accepts valid files" time="0.0003718">
        </testcase>
    </testsuite>
</testsuites>
