<?xml version="1.0" encoding="utf-8"?><testsuites name="pytest tests"><testsuite name="pytest" errors="0" failures="0" skipped="0" tests="33" time="4.195" timestamp="2026-05-26T12:58:45.078682+03:00" hostname="Seco"><testcase classname="tests.backend.test_audio_pipeline" name="test_chunk_waveform_rejects_non_1d" time="0.001" /><testcase classname="tests.backend.test_audio_pipeline" name="test_chunk_waveform_empty_with_pad_end_returns_empty_matrix" time="0.001" /><testcase classname="tests.backend.test_audio_pipeline" name="test_chunk_waveform_short_without_pad_end_returns_empty_matrix" time="0.001" /><testcase classname="tests.backend.test_audio_pipeline" name="test_chunk_waveform_short_with_pad_end_returns_one_padded_chunk" time="0.001" /><testcase classname="tests.backend.test_audio_pipeline" name="test_analysis_stft_chunks_empty_returns_expected_shape" time="0.001" /><testcase classname="tests.backend.test_audio_pipeline" name="test_analysis_stft_chunks_rejects_unknown_window" time="0.001" /><testcase classname="tests.backend.test_audio_pipeline" name="test_synthesis_istft_chunks_empty_returns_zero_matrix" time="0.001" /><testcase classname="tests.backend.test_audio_pipeline" name="test_project_to_stft_consistency_torch_rejects_invalid_rank" time="0.001" /><testcase classname="tests.backend.test_audio_pipeline" name="test_blend_consistent_spectra_clamps_blend_into_unit_interval" time="0.001" /><testcase classname="tests.backend.test_audio_pipeline" name="test_overlap_add_average_zero_chunks_returns_empty_waveform" time="0.000" /><testcase classname="tests.backend.test_main_p0" name="test_enhance_api_returns_400_for_empty_upload" time="0.013" /><testcase classname="tests.backend.test_main_p0" name="test_enhance_api_returns_audio_and_filename_on_success" time="0.009" /><testcase classname="tests.backend.test_main_p0" name="test_enhance_api_returns_400_for_inference_error" time="0.007" /><testcase classname="tests.backend.test_main_p0" name="test_enhance_api_returns_500_for_missing_weights" time="0.010" /><testcase classname="tests.backend.test_main_p0" name="test_enhance_api_returns_500_for_unexpected_error" time="0.009" /><testcase classname="tests.backend.test_main_p0" name="test_enhance_api_rate_limit_returns_429" time="0.009" /><testcase classname="tests.backend.test_main_p0" name="test_enhance_api_and_web_use_separate_rate_limits" time="0.016" /><testcase classname="tests.backend.test_deps_p0" name="test_get_current_user_rejects_missing_credentials" time="0.002" /><testcase classname="tests.backend.test_deps_p0" name="test_get_current_user_rejects_non_bearer_scheme" time="0.002" /><testcase classname="tests.backend.test_deps_p0" name="test_get_current_user_rejects_when_token_decoding_fails" time="0.002" /><testcase classname="tests.backend.test_deps_p0" name="test_get_current_user_rejects_when_user_missing" time="0.002" /><testcase classname="tests.backend.test_deps_p0" name="test_get_active_api_key_rejects_missing_header" time="0.001" /><testcase classname="tests.backend.test_deps_p0" name="test_get_active_api_key_rejects_invalid_key" time="0.001" /><testcase classname="tests.backend.test_deps_p0" name="test_get_active_api_key_accepts_valid_key_and_trims_whitespace" time="0.001" /><testcase classname="tests.backend.test_enhancer_p0" name="test_resample_linear_passthrough_same_rate" time="0.001" /><testcase classname="tests.backend.test_enhancer_p0" name="test_resample_linear_empty_returns_empty" time="0.000" /><testcase classname="tests.backend.test_enhancer_p0" name="test_get_model_raises_when_weights_missing" time="0.001" /><testcase classname="tests.backend.test_enhancer_p0" name="test_enhance_audio_bytes_rejects_invalid_audio" time="0.001" /><testcase classname="tests.backend.test_enhancer_p0" name="test_enhance_audio_bytes_stereo_is_mixed_and_written" time="0.002" /><testcase classname="tests.backend.test_enhancer_p0" name="test_enhance_audio_bytes_resamples_back_to_input_rate" time="0.001" /><testcase classname="tests.backend.test_security_p0" name="test_verify_password_returns_false_for_malformed_hash" time="0.000" /><testcase classname="tests.backend.test_security_p0" name="test_decode_token_returns_none_when_sub_missing" time="0.001" /><testcase classname="tests.backend.test_security_p0" name="test_decode_token_returns_none_for_expired_token" time="0.002" /></testsuite></testsuites>