<?xml version="1.0" encoding="utf-8"?><testsuites name="pytest tests"><testsuite name="pytest" errors="0" failures="0" skipped="0" tests="85" time="4.882" timestamp="2026-05-26T14:59:09.120566+03:00" hostname="Seco"><testcase classname="tests.backend.test_audio_pipeline" name="test_chunk_waveform_rejects_non_1d" time="0.001" /><testcase classname="tests.backend.test_audio_pipeline" name="test_chunk_waveform_empty_with_pad_end_returns_empty_matrix" time="0.000" /><testcase classname="tests.backend.test_audio_pipeline" name="test_chunk_waveform_short_without_pad_end_returns_empty_matrix" time="0.001" /><testcase classname="tests.backend.test_audio_pipeline" name="test_chunk_waveform_short_with_pad_end_returns_one_padded_chunk" time="0.001" /><testcase classname="tests.backend.test_audio_pipeline" name="test_analysis_stft_chunks_empty_returns_expected_shape" time="0.002" /><testcase classname="tests.backend.test_audio_pipeline" name="test_analysis_stft_chunks_rejects_unknown_window" time="0.001" /><testcase classname="tests.backend.test_audio_pipeline" name="test_synthesis_istft_chunks_empty_returns_zero_matrix" time="0.001" /><testcase classname="tests.backend.test_audio_pipeline" name="test_project_to_stft_consistency_torch_rejects_invalid_rank" time="0.001" /><testcase classname="tests.backend.test_audio_pipeline" name="test_blend_consistent_spectra_clamps_blend_into_unit_interval" time="0.001" /><testcase classname="tests.backend.test_audio_pipeline" name="test_overlap_add_average_zero_chunks_returns_empty_waveform" time="0.001" /><testcase classname="tests.backend.test_auth_router_p1" name="test_user_out_sets_email_verified_flag" time="0.001" /><testcase classname="tests.backend.test_auth_router_p1" name="test_register_rejects_duplicate_email" time="0.010" /><testcase classname="tests.backend.test_auth_router_p1" name="test_register_normalizes_email_and_strips_name" time="0.013" /><testcase classname="tests.backend.test_auth_router_p1" name="test_login_rejects_when_user_missing" time="0.003" /><testcase classname="tests.backend.test_auth_router_p1" name="test_login_rejects_when_password_invalid" time="0.004" /><testcase classname="tests.backend.test_auth_router_p1" name="test_login_returns_token_on_success" time="0.004" /><testcase classname="tests.backend.test_auth_router_p1" name="test_logout_returns_ok" time="0.001" /><testcase classname="tests.backend.test_auth_router_p1" name="test_me_returns_user_out" time="0.001" /><testcase classname="tests.backend.test_billing_helpers_p2" name="test_price_to_usd_month_returns_none_when_missing_price" time="0.001" /><testcase classname="tests.backend.test_billing_helpers_p2" name="test_price_to_usd_month_rounds_two_decimals" time="0.001" /><testcase classname="tests.backend.test_billing_helpers_p2" name="test_format_expiry_zero_pads_month_and_uses_short_year" time="0.000" /><testcase classname="tests.backend.test_billing_helpers_p2" name="test_set_default_payment_method_returns_404_for_other_user" time="0.000" /><testcase classname="tests.backend.test_billing_router_p2" name="test_get_subscription_returns_404_when_missing" time="0.001" /><testcase classname="tests.backend.test_billing_router_p2" name="test_get_subscription_returns_500_when_plan_missing" time="0.003" /><testcase classname="tests.backend.test_billing_router_p2" name="test_patch_subscription_rejects_invalid_plan_id" time="0.001" /><testcase classname="tests.backend.test_billing_router_p2" name="test_create_payment_method_first_card_becomes_default" time="0.002" /><testcase classname="tests.backend.test_billing_router_p2" name="test_delete_payment_method_rejects_other_users_card" time="0.001" /><testcase classname="tests.backend.test_config_p2" name="test_settings_defaults_are_loaded" time="0.002" /><testcase classname="tests.backend.test_config_p2" name="test_settings_accept_env_overrides_and_ignore_extra" time="0.003" /><testcase classname="tests.backend.test_config_p2" name="test_get_settings_returns_settings_instance" time="0.003" /><testcase classname="tests.backend.test_db_session_p2" name="test_get_db_yields_and_closes_session" time="0.001" /><testcase classname="tests.backend.test_deps_p0" name="test_get_current_user_rejects_missing_credentials" time="0.002" /><testcase classname="tests.backend.test_deps_p0" name="test_get_current_user_rejects_non_bearer_scheme" time="0.003" /><testcase classname="tests.backend.test_deps_p0" name="test_get_current_user_rejects_when_token_decoding_fails" time="0.002" /><testcase classname="tests.backend.test_deps_p0" name="test_get_current_user_rejects_when_user_missing" time="0.003" /><testcase classname="tests.backend.test_deps_p0" name="test_get_active_api_key_rejects_missing_header" time="0.001" /><testcase classname="tests.backend.test_deps_p0" name="test_get_active_api_key_rejects_invalid_key" time="0.001" /><testcase classname="tests.backend.test_deps_p0" name="test_get_active_api_key_accepts_valid_key_and_trims_whitespace" time="0.001" /><testcase classname="tests.backend.test_enhancer_p0" name="test_resample_linear_passthrough_same_rate" time="0.001" /><testcase classname="tests.backend.test_enhancer_p0" name="test_resample_linear_empty_returns_empty" time="0.000" /><testcase classname="tests.backend.test_enhancer_p0" name="test_get_model_raises_when_weights_missing" time="0.001" /><testcase classname="tests.backend.test_enhancer_p0" name="test_enhance_audio_bytes_rejects_invalid_audio" time="0.001" /><testcase classname="tests.backend.test_enhancer_p0" name="test_enhance_audio_bytes_stereo_is_mixed_and_written" time="0.002" /><testcase classname="tests.backend.test_enhancer_p0" name="test_enhance_audio_bytes_resamples_back_to_input_rate" time="0.002" /><testcase classname="tests.backend.test_keys_router_p1" name="test_list_keys_masks_secret_values" time="0.001" /><testcase classname="tests.backend.test_keys_router_p1" name="test_create_key_persists_hashed_material" time="0.001" /><testcase classname="tests.backend.test_keys_router_p1" name="test_revoke_key_returns_404_when_missing" time="0.001" /><testcase classname="tests.backend.test_keys_router_p1" name="test_revoke_key_is_idempotent_when_already_revoked" time="0.001" /><testcase classname="tests.backend.test_keys_router_p1" name="test_revoke_key_sets_revoked_at_for_active_key" time="0.001" /><testcase classname="tests.backend.test_main_p0" name="test_enhance_api_returns_400_for_empty_upload" time="0.016" /><testcase classname="tests.backend.test_main_p0" name="test_enhance_api_returns_audio_and_filename_on_success" time="0.010" /><testcase classname="tests.backend.test_main_p0" name="test_enhance_api_returns_400_for_inference_error" time="0.008" /><testcase classname="tests.backend.test_main_p0" name="test_enhance_api_returns_500_for_missing_weights" time="0.011" /><testcase classname="tests.backend.test_main_p0" name="test_enhance_api_returns_500_for_unexpected_error" time="0.009" /><testcase classname="tests.backend.test_main_p0" name="test_enhance_api_rate_limit_returns_429" time="0.008" /><testcase classname="tests.backend.test_main_p0" name="test_enhance_api_and_web_use_separate_rate_limits" time="0.018" /><testcase classname="tests.backend.test_model_p2" name="test_model_forward_shape_and_mask_range" time="0.010" /><testcase classname="tests.backend.test_model_p2" name="test_model_ignores_dropout_for_single_layer" time="0.001" /><testcase classname="tests.backend.test_model_p2" name="test_model_handles_unsorted_lengths" time="0.008" /><testcase classname="tests.backend.test_rate_limit_p1" name="test_rate_limiter_allows_until_limit_then_blocks" time="0.001" /><testcase classname="tests.backend.test_rate_limit_p1" name="test_rate_limiter_window_reset" time="0.001" /><testcase classname="tests.backend.test_rate_limit_p1" name="test_rate_limiter_keys_are_isolated" time="0.001" /><testcase classname="tests.backend.test_schemas_p2" name="test_register_request_rejects_short_password" time="0.001" /><testcase classname="tests.backend.test_schemas_p2" name="test_login_request_rejects_invalid_email" time="0.001" /><testcase classname="tests.backend.test_schemas_p2" name="test_payment_method_create_rejects_non_digit_last4" time="0.001" /><testcase classname="tests.backend.test_schemas_p2" name="test_payment_method_create_rejects_invalid_month" time="0.001" /><testcase classname="tests.backend.test_schemas_p2" name="test_api_key_create_request_rejects_empty_name" time="0.001" /><testcase classname="tests.backend.test_schemas_p2" name="test_valid_payment_method_create_passes" time="0.001" /><testcase classname="tests.backend.test_security_p0" name="test_verify_password_returns_false_for_malformed_hash" time="0.001" /><testcase classname="tests.backend.test_security_p0" name="test_decode_token_returns_none_when_sub_missing" time="0.003" /><testcase classname="tests.backend.test_security_p0" name="test_decode_token_returns_none_for_expired_token" time="0.003" /><testcase classname="tests.preprocess.test_check_sampling_rates_p3" name="test_get_sampling_rate_returns_none_on_error" time="0.001" /><testcase classname="tests.preprocess.test_check_sampling_rates_p3" name="test_check_sampling_rates_parallel_counts_known_and_other" time="0.000" /><testcase classname="tests.preprocess.test_check_sampling_rates_p3" name="test_check_sampling_rates_parallel_handles_none_results" time="0.000" /><testcase classname="tests.preprocess.test_chunk_audio_p3" name="test_chunk_audio_returns_empty_for_short_waveform" time="0.000" /><testcase classname="tests.preprocess.test_chunk_audio_p3" name="test_chunk_audio_returns_expected_count" time="0.000" /><testcase classname="tests.preprocess.test_chunk_audio_p3" name="test_get_audio_files_filters_extensions" time="0.025" /><testcase classname="tests.preprocess.test_chunk_audio_p3" name="test_process_file_raises_for_wrong_sampling_rate" time="0.001" /><testcase classname="tests.preprocess.test_chunk_audio_p3" name="test_process_file_writes_chunk_files" time="0.003" /><testcase classname="tests.preprocess.test_console_bar_p3" name="test_bar_line_handles_zero_total" time="0.000" /><testcase classname="tests.preprocess.test_console_bar_p3" name="test_bar_line_full_progress" time="0.001" /><testcase classname="tests.preprocess.test_console_bar_p3" name="test_bar_line_partial_progress" time="0.001" /><testcase classname="tests.scripts.test_ensure_database_p2" name="test_main_exits_when_database_name_missing" time="0.001" /><testcase classname="tests.scripts.test_ensure_database_p2" name="test_main_does_not_create_when_database_exists" time="0.002" /><testcase classname="tests.scripts.test_ensure_database_p2" name="test_main_creates_database_when_missing" time="0.001" /></testsuite></testsuites>