<?xml version="1.0" encoding="utf-8"?><testsuites name="pytest tests"><testsuite name="pytest" errors="0" failures="0" skipped="0" tests="16" time="2.332" timestamp="2026-05-26T12:11:12.764786+03:00" hostname="Seco"><testcase classname="tests.backend.test_billing_helpers" name="test_price_to_usd_month_handles_none" time="0.001" /><testcase classname="tests.backend.test_billing_helpers" name="test_price_to_usd_month_rounds" time="0.000" /><testcase classname="tests.backend.test_billing_helpers" name="test_format_expiry" time="0.001" /><testcase classname="tests.backend.test_config" name="test_settings_accept_overrides" time="0.002" /><testcase classname="tests.backend.test_deps" name="test_get_current_user_requires_bearer" time="0.001" /><testcase classname="tests.backend.test_deps" name="test_get_current_user_rejects_bad_token" time="0.001" /><testcase classname="tests.backend.test_deps" name="test_get_current_user_returns_user" time="0.001" /><testcase classname="tests.backend.test_main" name="test_root_and_health" time="0.050" /><testcase classname="tests.backend.test_main" name="test_enhance_rejects_empty_file" time="0.026" /><testcase classname="tests.backend.test_main" name="test_enhance_returns_audio_response" time="0.136" /><testcase classname="tests.backend.test_rate_limit" name="test_rate_limiter_blocks_after_limit" time="0.001" /><testcase classname="tests.backend.test_rate_limit" name="test_rate_limiter_resets_after_window" time="0.001" /><testcase classname="tests.backend.test_security" name="test_password_hash_and_verify" time="0.762" /><testcase classname="tests.backend.test_security" name="test_token_create_and_decode_round_trip" time="0.002" /><testcase classname="tests.backend.test_security" name="test_decode_token_returns_none_for_invalid_token" time="0.003" /><testcase classname="tests.backend.test_security" name="test_api_key_helpers" time="0.000" /></testsuite></testsuites>