<?xml version="1.0" encoding="UTF-8" ?>
<testsuites name="vitest tests" tests="12" failures="0" errors="0" time="0.0606769">
    <testsuite name="../../tests/frontend/api.test.js" timestamp="2026-05-26T09:11:20.408Z" hostname="Seco" tests="5" failures="0" errors="0" skipped="0" time="0.0145497">
        <testcase classname="../../tests/frontend/api.test.js" name="api helpers &gt; reads stored token when present" time="0.0053893">
        </testcase>
        <testcase classname="../../tests/frontend/api.test.js" name="api helpers &gt; returns null when storage is malformed" time="0.0006972">
        </testcase>
        <testcase classname="../../tests/frontend/api.test.js" name="api helpers &gt; adds auth header and parses json body" time="0.0023703">
        </testcase>
        <testcase classname="../../tests/frontend/api.test.js" name="api helpers &gt; returns null on 204" time="0.0004661">
        </testcase>
        <testcase classname="../../tests/frontend/api.test.js" name="api helpers &gt; throws parsed string detail on error" time="0.0029088">
        </testcase>
    </testsuite>
    <testsuite name="../../tests/frontend/download.test.js" timestamp="2026-05-26T09:11:20.411Z" hostname="Seco" tests="1" failures="0" errors="0" skipped="0" time="0.0217359">
        <testcase classname="../../tests/frontend/download.test.js" name="downloadFromUrl &gt; creates a temporary anchor and clicks it" time="0.0191764">
        </testcase>
    </testsuite>
    <testsuite name="../../tests/frontend/enhanceService.test.js" timestamp="2026-05-26T09:11:20.412Z" hostname="Seco" tests="2" failures="0" errors="0" skipped="0" time="0.0180046">
        <testcase classname="../../tests/frontend/enhanceService.test.js" name="enhanceAudio &gt; uploads file and reports progress" time="0.0112914">
        </testcase>
        <testcase classname="../../tests/frontend/enhanceService.test.js" name="enhanceAudio &gt; throws on non-ok response" time="0.0038388">
        </testcase>
    </testsuite>
    <testsuite name="../../tests/frontend/fileValidation.test.js" timestamp="2026-05-26T09:11:20.412Z" hostname="Seco" tests="4" failures="0" errors="0" skipped="0" time="0.0063867">
        <testcase classname="../../tests/frontend/fileValidation.test.js" name="validateAudioFile &gt; returns error when no file" time="0.0034898">
        </testcase>
        <testcase classname="../../tests/frontend/fileValidation.test.js" name="validateAudioFile &gt; rejects unsupported type" time="0.000317">
        </testcase>
        <testcase classname="../../tests/frontend/fileValidation.test.js" name="validateAudioFile &gt; rejects big files" time="0.0001986">
        </testcase>
        <testcase classname="../../tests/frontend/fileValidation.test.js" name="validateAudioFile &gt; accepts valid files" time="0.0003312">
        </testcase>
    </testsuite>
</testsuites>
